<?xml version="1.0" encoding="utf-8"?><testsuites name="pytest tests"><testsuite name="pytest" errors="0" failures="0" skipped="0" tests="28" time="35.565" timestamp="2026-07-15T23:17:03.930512+05:30" hostname="john-poly"><testcase classname="tests.unit.test_bus" name="test_message_serialization" time="0.003" /><testcase classname="tests.unit.test_bus" name="test_bus_publish_subscribe" time="0.118" /><testcase classname="tests.unit.test_cge" name="test_indexing_strategy_generates_candidate" time="0.002" /><testcase classname="tests.unit.test_cge" name="test_storage_layout_strategy" time="0.002" /><testcase classname="tests.unit.test_cge" name="test_compression_strategy" time="0.001" /><testcase classname="tests.unit.test_cge" name="test_execution_config_strategy" time="0.001" /><testcase classname="tests.unit.test_cge" name="test_strategy_avoids_rejected" time="0.001" /><testcase classname="tests.unit.test_cvs" name="test_save_snapshot" time="0.002" /><testcase classname="tests.unit.test_cvs" name="test_save_candidate" time="0.002" /><testcase classname="tests.unit.test_cvs" name="test_save_validation_report" time="0.002" /><testcase classname="tests.unit.test_cvs" name="test_save_deployment_event" time="0.004" /><testcase classname="tests.unit.test_cvs" name="test_save_rollback_event" time="0.004" /><testcase classname="tests.unit.test_cvs" name="test_rejected_candidates" time="0.002" /><testcase classname="tests.unit.test_policy" name="test_block_table_policy" time="0.009" /><testcase classname="tests.unit.test_policy" name="test_max_risk_policy" time="0.009" /><testcase classname="tests.unit.test_policy" name="test_no_rules" time="0.003" /><testcase classname="tests.unit.test_schemas" name="test_workload_signature_creation" time="0.001" /><testcase classname="tests.unit.test_schemas" name="test_candidate_creation" time="0.000" /><testcase classname="tests.unit.test_schemas" name="test_validation_report" time="0.000" /><testcase classname="tests.unit.test_schemas" name="test_deployment_event" time="0.001" /><testcase classname="tests.unit.test_schemas" name="test_rollback_event" time="0.001" /><testcase classname="tests.unit.test_schemas" name="test_config_snapshot" time="0.001" /><testcase classname="tests.scenarios.test_scenario_a_index_autogen" name="test_scenario_a" time="2.013" /><testcase classname="tests.scenarios.test_scenario_b_repartitioning" name="test_scenario_b" time="1.016" /><testcase classname="tests.scenarios.test_scenario_c_compression" name="test_scenario_c" time="1.013" /><testcase classname="tests.scenarios.test_scenario_d_auto_rollback" name="test_scenario_d" time="30.050" /><testcase classname="tests.scenarios.test_scenario_e_correctness_rejection" name="test_scenario_e" time="1.018" /><testcase classname="tests.scenarios.test_scenario_f_policy_guardrails" name="test_scenario_f" time="0.017" /></testsuite></testsuites>